{"/Users/polina/Desktop/rsschool/rs-2025/pagintaion-setup/src/main.tsx": {"path":"/Users/polina/Desktop/rsschool/rs-2025/pagintaion-setup/src/main.tsx","statementMap":{"0":{"start":{"line":6,"column":20},"end":{"line":6,"column":null}},"1":{"start":{"line":8,"column":0},"end":{"line":14,"column":null}}},"fnMap":{},"branchMap":{},"s":{"0":0,"1":0},"f":{},"b":{}}
,"/Users/polina/Desktop/rsschool/rs-2025/pagintaion-setup/src/components/ErrorBoundary/ErrorBoundary.tsx": {"path":"/Users/polina/Desktop/rsschool/rs-2025/pagintaion-setup/src/components/ErrorBoundary/ErrorBoundary.tsx","statementMap":{"0":{"start":{"line":14,"column":4},"end":{"line":14,"column":null}},"1":{"start":{"line":26,"column":2},"end":{"line":29,"column":null}},"2":{"start":{"line":27,"column":4},"end":{"line":27,"column":null}},"3":{"start":{"line":28,"column":4},"end":{"line":28,"column":null}},"4":{"start":{"line":15,"column":4},"end":{"line":15,"column":null}},"5":{"start":{"line":19,"column":4},"end":{"line":19,"column":null}},"6":{"start":{"line":23,"column":4},"end":{"line":23,"column":null}},"7":{"start":{"line":32,"column":4},"end":{"line":41,"column":null}},"8":{"start":{"line":33,"column":6},"end":{"line":39,"column":null}},"9":{"start":{"line":43,"column":4},"end":{"line":43,"column":null}}},"fnMap":{"0":{"name":"(anonymous_0)","decl":{"start":{"line":13,"column":2},"end":{"line":13,"column":14}},"loc":{"start":{"line":13,"column":41},"end":{"line":16,"column":null}}},"1":{"name":"(anonymous_1)","decl":{"start":{"line":26,"column":17},"end":{"line":26,"column":23}},"loc":{"start":{"line":26,"column":23},"end":{"line":29,"column":null}}},"2":{"name":"(anonymous_2)","decl":{"start":{"line":18,"column":2},"end":{"line":18,"column":9}},"loc":{"start":{"line":18,"column":56},"end":{"line":20,"column":null}}},"3":{"name":"(anonymous_3)","decl":{"start":{"line":22,"column":2},"end":{"line":22,"column":20}},"loc":{"start":{"line":22,"column":56},"end":{"line":24,"column":null}}},"4":{"name":"(anonymous_4)","decl":{"start":{"line":31,"column":2},"end":{"line":31,"column":22}},"loc":{"start":{"line":31,"column":22},"end":{"line":44,"column":null}}}},"branchMap":{"0":{"loc":{"start":{"line":32,"column":4},"end":{"line":41,"column":null}},"type":"if","locations":[{"start":{"line":32,"column":4},"end":{"line":41,"column":null}},{"start":{},"end":{}}]}},"s":{"0":0,"1":0,"2":0,"3":0,"4":0,"5":0,"6":0,"7":0,"8":0,"9":0},"f":{"0":0,"1":0,"2":0,"3":0,"4":0},"b":{"0":[0,0]}}
,"/Users/polina/Desktop/rsschool/rs-2025/pagintaion-setup/src/components/Loader/Loader.tsx": {"path":"/Users/polina/Desktop/rsschool/rs-2025/pagintaion-setup/src/components/Loader/Loader.tsx","statementMap":{"0":{"start":{"line":4,"column":19},"end":{"line":10,"column":null}},"1":{"start":{"line":5,"column":2},"end":{"line":8,"column":null}}},"fnMap":{"0":{"name":"(anonymous_0)","decl":{"start":{"line":4,"column":19},"end":{"line":4,"column":25}},"loc":{"start":{"line":4,"column":25},"end":{"line":10,"column":null}}}},"branchMap":{},"s":{"0":1,"1":1},"f":{"0":1},"b":{}}
,"/Users/polina/Desktop/rsschool/rs-2025/pagintaion-setup/src/components/Pagination/Pagination.tsx": {"path":"/Users/polina/Desktop/rsschool/rs-2025/pagintaion-setup/src/components/Pagination/Pagination.tsx","statementMap":{"0":{"start":{"line":11,"column":40},"end":{"line":38,"column":null}},"1":{"start":{"line":17,"column":2},"end":{"line":36,"column":null}},"2":{"start":{"line":21,"column":23},"end":{"line":21,"column":null}},"3":{"start":{"line":31,"column":23},"end":{"line":31,"column":null}}},"fnMap":{"0":{"name":"(anonymous_0)","decl":{"start":{"line":11,"column":40},"end":{"line":11,"column":41}},"loc":{"start":{"line":16,"column":6},"end":{"line":38,"column":null}}},"1":{"name":"(anonymous_1)","decl":{"start":{"line":21,"column":17},"end":{"line":21,"column":23}},"loc":{"start":{"line":21,"column":23},"end":{"line":21,"column":null}}},"2":{"name":"(anonymous_2)","decl":{"start":{"line":31,"column":17},"end":{"line":31,"column":23}},"loc":{"start":{"line":31,"column":23},"end":{"line":31,"column":null}}}},"branchMap":{"0":{"loc":{"start":{"line":22,"column":18},"end":{"line":22,"column":null}},"type":"binary-expr","locations":[{"start":{"line":22,"column":18},"end":{"line":22,"column":39}},{"start":{"line":22,"column":39},"end":{"line":22,"column":null}}]},"1":{"loc":{"start":{"line":32,"column":18},"end":{"line":32,"column":null}},"type":"binary-expr","locations":[{"start":{"line":32,"column":18},"end":{"line":32,"column":48}},{"start":{"line":32,"column":48},"end":{"line":32,"column":null}}]}},"s":{"0":2,"1":10,"2":1,"3":1},"f":{"0":10,"1":1,"2":1},"b":{"0":[10,3],"1":[10,9]}}
,"/Users/polina/Desktop/rsschool/rs-2025/pagintaion-setup/src/components/PokemonDetails/PokemonDetails.tsx": {"path":"/Users/polina/Desktop/rsschool/rs-2025/pagintaion-setup/src/components/PokemonDetails/PokemonDetails.tsx","statementMap":{"0":{"start":{"line":15,"column":27},"end":{"line":61,"column":null}},"1":{"start":{"line":16,"column":17},"end":{"line":16,"column":null}},"2":{"start":{"line":17,"column":32},"end":{"line":17,"column":null}},"3":{"start":{"line":18,"column":36},"end":{"line":18,"column":null}},"4":{"start":{"line":19,"column":19},"end":{"line":19,"column":null}},"5":{"start":{"line":21,"column":2},"end":{"line":44,"column":null}},"6":{"start":{"line":22,"column":4},"end":{"line":26,"column":null}},"7":{"start":{"line":23,"column":6},"end":{"line":23,"column":null}},"8":{"start":{"line":24,"column":6},"end":{"line":24,"column":null}},"9":{"start":{"line":25,"column":6},"end":{"line":25,"column":null}},"10":{"start":{"line":28,"column":25},"end":{"line":41,"column":null}},"11":{"start":{"line":29,"column":6},"end":{"line":40,"column":null}},"12":{"start":{"line":30,"column":21},"end":{"line":30,"column":null}},"13":{"start":{"line":31,"column":8},"end":{"line":33,"column":null}},"14":{"start":{"line":32,"column":10},"end":{"line":32,"column":null}},"15":{"start":{"line":34,"column":8},"end":{"line":34,"column":null}},"16":{"start":{"line":36,"column":8},"end":{"line":36,"column":null}},"17":{"start":{"line":37,"column":8},"end":{"line":37,"column":null}},"18":{"start":{"line":39,"column":8},"end":{"line":39,"column":null}},"19":{"start":{"line":43,"column":4},"end":{"line":43,"column":null}},"20":{"start":{"line":46,"column":2},"end":{"line":46,"column":null}},"21":{"start":{"line":46,"column":17},"end":{"line":46,"column":null}},"22":{"start":{"line":47,"column":2},"end":{"line":47,"column":null}},"23":{"start":{"line":47,"column":16},"end":{"line":47,"column":null}},"24":{"start":{"line":49,"column":2},"end":{"line":59,"column":null}},"25":{"start":{"line":56,"column":44},"end":{"line":56,"column":64}},"26":{"start":{"line":58,"column":45},"end":{"line":58,"column":59}}},"fnMap":{"0":{"name":"(anonymous_0)","decl":{"start":{"line":15,"column":27},"end":{"line":15,"column":33}},"loc":{"start":{"line":15,"column":33},"end":{"line":61,"column":null}}},"1":{"name":"(anonymous_1)","decl":{"start":{"line":21,"column":12},"end":{"line":21,"column":18}},"loc":{"start":{"line":21,"column":18},"end":{"line":44,"column":5}}},"2":{"name":"(anonymous_2)","decl":{"start":{"line":28,"column":25},"end":{"line":28,"column":37}},"loc":{"start":{"line":28,"column":37},"end":{"line":41,"column":null}}},"3":{"name":"(anonymous_3)","decl":{"start":{"line":56,"column":31},"end":{"line":56,"column":32}},"loc":{"start":{"line":56,"column":44},"end":{"line":56,"column":64}}},"4":{"name":"(anonymous_4)","decl":{"start":{"line":58,"column":35},"end":{"line":58,"column":36}},"loc":{"start":{"line":58,"column":45},"end":{"line":58,"column":59}}}},"branchMap":{"0":{"loc":{"start":{"line":22,"column":4},"end":{"line":26,"column":null}},"type":"if","locations":[{"start":{"line":22,"column":4},"end":{"line":26,"column":null}},{"start":{},"end":{}}]},"1":{"loc":{"start":{"line":31,"column":8},"end":{"line":33,"column":null}},"type":"if","locations":[{"start":{"line":31,"column":8},"end":{"line":33,"column":null}},{"start":{},"end":{}}]},"2":{"loc":{"start":{"line":31,"column":12},"end":{"line":31,"column":33}},"type":"binary-expr","locations":[{"start":{"line":31,"column":12},"end":{"line":31,"column":21}},{"start":{"line":31,"column":21},"end":{"line":31,"column":33}}]},"3":{"loc":{"start":{"line":46,"column":2},"end":{"line":46,"column":null}},"type":"if","locations":[{"start":{"line":46,"column":2},"end":{"line":46,"column":null}},{"start":{},"end":{}}]},"4":{"loc":{"start":{"line":47,"column":2},"end":{"line":47,"column":null}},"type":"if","locations":[{"start":{"line":47,"column":2},"end":{"line":47,"column":null}},{"start":{},"end":{}}]}},"s":{"0":0,"1":0,"2":0,"3":0,"4":0,"5":0,"6":0,"7":0,"8":0,"9":0,"10":0,"11":0,"12":0,"13":0,"14":0,"15":0,"16":0,"17":0,"18":0,"19":0,"20":0,"21":0,"22":0,"23":0,"24":0,"25":0,"26":0},"f":{"0":0,"1":0,"2":0,"3":0,"4":0},"b":{"0":[0,0],"1":[0,0],"2":[0,0],"3":[0,0],"4":[0,0]}}
,"/Users/polina/Desktop/rsschool/rs-2025/pagintaion-setup/src/components/SearchBar/SearchBar.tsx": {"path":"/Users/polina/Desktop/rsschool/rs-2025/pagintaion-setup/src/components/SearchBar/SearchBar.tsx","statementMap":{"0":{"start":{"line":9,"column":38},"end":{"line":74,"column":null}},"1":{"start":{"line":10,"column":38},"end":{"line":10,"column":null}},"2":{"start":{"line":11,"column":40},"end":{"line":11,"column":null}},"3":{"start":{"line":12,"column":36},"end":{"line":12,"column":null}},"4":{"start":{"line":14,"column":28},"end":{"line":21,"column":null}},"5":{"start":{"line":15,"column":18},"end":{"line":15,"column":null}},"6":{"start":{"line":16,"column":4},"end":{"line":16,"column":null}},"7":{"start":{"line":18,"column":4},"end":{"line":20,"column":null}},"8":{"start":{"line":19,"column":6},"end":{"line":19,"column":null}},"9":{"start":{"line":23,"column":23},"end":{"line":30,"column":null}},"10":{"start":{"line":24,"column":30},"end":{"line":24,"column":null}},"11":{"start":{"line":25,"column":4},"end":{"line":25,"column":null}},"12":{"start":{"line":27,"column":4},"end":{"line":29,"column":null}},"13":{"start":{"line":28,"column":6},"end":{"line":28,"column":null}},"14":{"start":{"line":32,"column":27},"end":{"line":41,"column":null}},"15":{"start":{"line":33,"column":4},"end":{"line":33,"column":null}},"16":{"start":{"line":35,"column":4},"end":{"line":38,"column":null}},"17":{"start":{"line":36,"column":6},"end":{"line":36,"column":null}},"18":{"start":{"line":36,"column":22},"end":{"line":36,"column":null}},"19":{"start":{"line":37,"column":6},"end":{"line":37,"column":null}},"20":{"start":{"line":40,"column":4},"end":{"line":40,"column":null}},"21":{"start":{"line":43,"column":22},"end":{"line":45,"column":null}},"22":{"start":{"line":44,"column":4},"end":{"line":44,"column":null}},"23":{"start":{"line":47,"column":21},"end":{"line":49,"column":null}},"24":{"start":{"line":48,"column":4},"end":{"line":48,"column":null}},"25":{"start":{"line":51,"column":2},"end":{"line":72,"column":null}}},"fnMap":{"0":{"name":"(anonymous_0)","decl":{"start":{"line":9,"column":38},"end":{"line":9,"column":39}},"loc":{"start":{"line":9,"column":58},"end":{"line":74,"column":null}}},"1":{"name":"(anonymous_1)","decl":{"start":{"line":14,"column":28},"end":{"line":14,"column":29}},"loc":{"start":{"line":14,"column":76},"end":{"line":21,"column":null}}},"2":{"name":"(anonymous_2)","decl":{"start":{"line":23,"column":23},"end":{"line":23,"column":29}},"loc":{"start":{"line":23,"column":29},"end":{"line":30,"column":null}}},"3":{"name":"(anonymous_3)","decl":{"start":{"line":32,"column":27},"end":{"line":32,"column":28}},"loc":{"start":{"line":32,"column":72},"end":{"line":41,"column":null}}},"4":{"name":"(anonymous_4)","decl":{"start":{"line":43,"column":22},"end":{"line":43,"column":28}},"loc":{"start":{"line":43,"column":28},"end":{"line":45,"column":null}}},"5":{"name":"(anonymous_5)","decl":{"start":{"line":47,"column":21},"end":{"line":47,"column":27}},"loc":{"start":{"line":47,"column":27},"end":{"line":49,"column":null}}}},"branchMap":{"0":{"loc":{"start":{"line":18,"column":4},"end":{"line":20,"column":null}},"type":"if","locations":[{"start":{"line":18,"column":4},"end":{"line":20,"column":null}},{"start":{},"end":{}}]},"1":{"loc":{"start":{"line":18,"column":8},"end":{"line":18,"column":43}},"type":"binary-expr","locations":[{"start":{"line":18,"column":8},"end":{"line":18,"column":31}},{"start":{"line":18,"column":31},"end":{"line":18,"column":43}}]},"2":{"loc":{"start":{"line":27,"column":4},"end":{"line":29,"column":null}},"type":"if","locations":[{"start":{"line":27,"column":4},"end":{"line":29,"column":null}},{"start":{},"end":{}}]},"3":{"loc":{"start":{"line":35,"column":4},"end":{"line":38,"column":null}},"type":"if","locations":[{"start":{"line":35,"column":4},"end":{"line":38,"column":null}},{"start":{},"end":{}}]},"4":{"loc":{"start":{"line":36,"column":6},"end":{"line":36,"column":null}},"type":"if","locations":[{"start":{"line":36,"column":6},"end":{"line":36,"column":null}},{"start":{},"end":{}}]},"5":{"loc":{"start":{"line":64,"column":7},"end":{"line":70,"column":null}},"type":"binary-expr","locations":[{"start":{"line":64,"column":7},"end":{"line":64,"column":null}},{"start":{"line":65,"column":8},"end":{"line":70,"column":null}}]}},"s":{"0":1,"1":8,"2":8,"3":8,"4":8,"5":2,"6":2,"7":2,"8":1,"9":8,"10":1,"11":1,"12":1,"13":1,"14":8,"15":2,"16":2,"17":1,"18":1,"19":1,"20":1,"21":8,"22":1,"23":8,"24":0,"25":8},"f":{"0":8,"1":2,"2":1,"3":2,"4":1,"5":0},"b":{"0":[1,1],"1":[2,1],"2":[1,0],"3":[1,1],"4":[1,0],"5":[8,0]}}
,"/Users/polina/Desktop/rsschool/rs-2025/pagintaion-setup/src/components/SearchResults/SearchResults.tsx": {"path":"/Users/polina/Desktop/rsschool/rs-2025/pagintaion-setup/src/components/SearchResults/SearchResults.tsx","statementMap":{"0":{"start":{"line":23,"column":46},"end":{"line":61,"column":null}},"1":{"start":{"line":32,"column":2},"end":{"line":59,"column":null}},"2":{"start":{"line":37,"column":12},"end":{"line":47,"column":null}},"3":{"start":{"line":44,"column":29},"end":{"line":44,"column":null}}},"fnMap":{"0":{"name":"(anonymous_0)","decl":{"start":{"line":23,"column":46},"end":{"line":23,"column":47}},"loc":{"start":{"line":31,"column":6},"end":{"line":61,"column":null}}},"1":{"name":"(anonymous_1)","decl":{"start":{"line":36,"column":23},"end":{"line":36,"column":24}},"loc":{"start":{"line":37,"column":12},"end":{"line":47,"column":null}}},"2":{"name":"(anonymous_2)","decl":{"start":{"line":44,"column":23},"end":{"line":44,"column":29}},"loc":{"start":{"line":44,"column":29},"end":{"line":44,"column":null}}}},"branchMap":{"0":{"loc":{"start":{"line":35,"column":9},"end":{"line":50,"column":null}},"type":"cond-expr","locations":[{"start":{"line":36,"column":10},"end":{"line":48,"column":null}},{"start":{"line":50,"column":10},"end":{"line":50,"column":null}}]},"1":{"loc":{"start":{"line":40,"column":16},"end":{"line":42,"column":null}},"type":"cond-expr","locations":[{"start":{"line":41,"column":20},"end":{"line":41,"column":null}},{"start":{"line":42,"column":20},"end":{"line":42,"column":null}}]}},"s":{"0":1,"1":4,"2":6,"3":1},"f":{"0":4,"1":6,"2":1},"b":{"0":[3,1],"1":[0,6]}}
,"/Users/polina/Desktop/rsschool/rs-2025/pagintaion-setup/src/pages/MainPage/MainPage.tsx": {"path":"/Users/polina/Desktop/rsschool/rs-2025/pagintaion-setup/src/pages/MainPage/MainPage.tsx","statementMap":{"0":{"start":{"line":10,"column":21},"end":{"line":109,"column":null}},"1":{"start":{"line":20,"column":6},"end":{"line":20,"column":null}},"2":{"start":{"line":22,"column":19},"end":{"line":22,"column":null}},"3":{"start":{"line":23,"column":19},"end":{"line":23,"column":null}},"4":{"start":{"line":24,"column":38},"end":{"line":24,"column":null}},"5":{"start":{"line":25,"column":44},"end":{"line":25,"column":null}},"6":{"start":{"line":26,"column":21},"end":{"line":26,"column":null}},"7":{"start":{"line":28,"column":2},"end":{"line":30,"column":null}},"8":{"start":{"line":29,"column":4},"end":{"line":29,"column":null}},"9":{"start":{"line":32,"column":29},"end":{"line":34,"column":null}},"10":{"start":{"line":33,"column":4},"end":{"line":33,"column":null}},"11":{"start":{"line":36,"column":29},"end":{"line":38,"column":null}},"12":{"start":{"line":37,"column":4},"end":{"line":37,"column":null}},"13":{"start":{"line":40,"column":31},"end":{"line":48,"column":null}},"14":{"start":{"line":41,"column":4},"end":{"line":47,"column":null}},"15":{"start":{"line":46,"column":6},"end":{"line":46,"column":null}},"16":{"start":{"line":50,"column":2},"end":{"line":52,"column":null}},"17":{"start":{"line":51,"column":4},"end":{"line":51,"column":null}},"18":{"start":{"line":54,"column":37},"end":{"line":54,"column":null}},"19":{"start":{"line":56,"column":2},"end":{"line":107,"column":null}},"20":{"start":{"line":102,"column":25},"end":{"line":102,"column":null}}},"fnMap":{"0":{"name":"(anonymous_0)","decl":{"start":{"line":10,"column":21},"end":{"line":10,"column":27}},"loc":{"start":{"line":10,"column":27},"end":{"line":109,"column":null}}},"1":{"name":"(anonymous_1)","decl":{"start":{"line":28,"column":12},"end":{"line":28,"column":18}},"loc":{"start":{"line":28,"column":18},"end":{"line":30,"column":5}}},"2":{"name":"(anonymous_2)","decl":{"start":{"line":32,"column":29},"end":{"line":32,"column":30}},"loc":{"start":{"line":32,"column":45},"end":{"line":34,"column":null}}},"3":{"name":"(anonymous_3)","decl":{"start":{"line":36,"column":29},"end":{"line":36,"column":35}},"loc":{"start":{"line":36,"column":35},"end":{"line":38,"column":null}}},"4":{"name":"(anonymous_4)","decl":{"start":{"line":40,"column":31},"end":{"line":40,"column":32}},"loc":{"start":{"line":40,"column":76},"end":{"line":48,"column":null}}},"5":{"name":"(anonymous_5)","decl":{"start":{"line":102,"column":19},"end":{"line":102,"column":25}},"loc":{"start":{"line":102,"column":25},"end":{"line":102,"column":null}}}},"branchMap":{"0":{"loc":{"start":{"line":20,"column":16},"end":{"line":20,"column":56}},"type":"binary-expr","locations":[{"start":{"line":20,"column":16},"end":{"line":20,"column":54}},{"start":{"line":20,"column":54},"end":{"line":20,"column":56}}]},"1":{"loc":{"start":{"line":41,"column":4},"end":{"line":47,"column":null}},"type":"if","locations":[{"start":{"line":41,"column":4},"end":{"line":47,"column":null}},{"start":{},"end":{}}]},"2":{"loc":{"start":{"line":42,"column":6},"end":{"line":44,"column":null}},"type":"binary-expr","locations":[{"start":{"line":42,"column":6},"end":{"line":42,"column":null}},{"start":{"line":43,"column":6},"end":{"line":43,"column":null}},{"start":{"line":44,"column":6},"end":{"line":44,"column":null}}]},"3":{"loc":{"start":{"line":50,"column":2},"end":{"line":52,"column":null}},"type":"if","locations":[{"start":{"line":50,"column":2},"end":{"line":52,"column":null}},{"start":{},"end":{}}]},"4":{"loc":{"start":{"line":54,"column":37},"end":{"line":54,"column":null}},"type":"binary-expr","locations":[{"start":{"line":54,"column":37},"end":{"line":54,"column":62}},{"start":{"line":54,"column":62},"end":{"line":54,"column":null}}]},"5":{"loc":{"start":{"line":67,"column":9},"end":{"line":98,"column":null}},"type":"cond-expr","locations":[{"start":{"line":68,"column":10},"end":{"line":68,"column":null}},{"start":{"line":69,"column":12},"end":{"line":98,"column":null}}]},"6":{"loc":{"start":{"line":69,"column":12},"end":{"line":98,"column":null}},"type":"cond-expr","locations":[{"start":{"line":70,"column":10},"end":{"line":70,"column":null}},{"start":{"line":72,"column":10},"end":{"line":98,"column":null}}]},"7":{"loc":{"start":{"line":89,"column":15},"end":{"line":95,"column":null}},"type":"binary-expr","locations":[{"start":{"line":89,"column":15},"end":{"line":89,"column":null}},{"start":{"line":90,"column":16},"end":{"line":95,"column":null}}]}},"s":{"0":0,"1":0,"2":0,"3":0,"4":0,"5":0,"6":0,"7":0,"8":0,"9":0,"10":0,"11":0,"12":0,"13":0,"14":0,"15":0,"16":0,"17":0,"18":0,"19":0,"20":0},"f":{"0":0,"1":0,"2":0,"3":0,"4":0,"5":0},"b":{"0":[0,0],"1":[0,0],"2":[0,0,0],"3":[0,0],"4":[0,0],"5":[0,0],"6":[0,0],"7":[0,0]}}
,"/Users/polina/Desktop/rsschool/rs-2025/pagintaion-setup/src/pages/NotFoundPage/NotFoundPage.tsx": {"path":"/Users/polina/Desktop/rsschool/rs-2025/pagintaion-setup/src/pages/NotFoundPage/NotFoundPage.tsx","statementMap":{"0":{"start":{"line":4,"column":25},"end":{"line":11,"column":null}},"1":{"start":{"line":5,"column":2},"end":{"line":9,"column":null}}},"fnMap":{"0":{"name":"(anonymous_0)","decl":{"start":{"line":4,"column":25},"end":{"line":4,"column":31}},"loc":{"start":{"line":4,"column":31},"end":{"line":11,"column":null}}}},"branchMap":{},"s":{"0":0,"1":0},"f":{"0":0},"b":{}}
}
